Using linkage method for clustering
Using RMSD cutoff 0.15 nm
The RMSD ranges from 0.00758053 to 0.921502 nm
Average RMSD is 0.509656
Number of structures for matrix 501
Energy of the matrix is 8.12735.

Found 93 clusters

Writing middle structure for each cluster to 05-analysis/clusterSA.pdb

cl. | #st  rmsd | middle rmsd | cluster members
  1 |  41  0.155 |     36 .129 |      0      2      4      6      8     10     12
    |           |             |     14     16     18     20     22     24     26
    |           |             |     28     30     32     34     36     38     40
    |           |             |     42     44     46     48     50     52     54
    |           |             |     56     58     60     62     64     66     68
    |           |             |     70     72     74     76     78     80
  2 |   1       |     82      |     82
  3 |   5  0.159 |     86 .149 |     84     86     88     90     92
  4 |  10  0.197 |    102 .178 |     94     96     98    100    102    104    106
    |           |             |    108    110    112
  5 |   3  0.132 |    118 .129 |    114    116    118
  6 |   9  0.183 |    128 .169 |    120    122    124    126    128    130    132
    |           |             |    134    136
  7 |   2  0.129 |    138 .129 |    138    140
  8 |   1       |    142      |    142
  9 |   4  0.167 |    146 .151 |    144    146    148    150
 10 |   1       |    152      |    152
 11 |   1       |    154      |    154
 12 |   1       |    156      |    156
 13 |   1       |    158      |    158
 14 |   1       |    160      |    160
 15 |   1       |    162      |    162
 16 |   1       |    164      |    164
 17 |   1       |    166      |    166
 18 |   1       |    168      |    168
 19 |   1       |    170      |    170
 20 |   1       |    172      |    172
 21 |   1       |    174      |    174
 22 |   1       |    176      |    176
 23 |   1       |    178      |    178
 24 |   1       |    180      |    180
 25 |   1       |    182      |    182
 26 |   1       |    184      |    184
 27 |   1       |    186      |    186
 28 |   1       |    188      |    188
 29 |   1       |    190      |    190
 30 |   1       |    192      |    192
 31 |   1       |    194      |    194
 32 |   1       |    196      |    196
 33 |   1       |    198      |    198
 34 |   1       |    200      |    200
 35 |   1       |    202      |    202
 36 |   1       |    204      |    204
 37 |   1       |    206      |    206
 38 |   1       |    208      |    208
 39 |   1       |    210      |    210
 40 |   1       |    212      |    212
 41 |   1       |    214      |    214
 42 |   1       |    216      |    216
 43 |   1       |    218      |    218
 44 |   1       |    220      |    220
 45 |   1       |    222      |    222
 46 |   1       |    224      |    224
 47 |   1       |    226      |    226
 48 |   1       |    228      |    228
 49 |   1       |    230      |    230
 50 |   1       |    232      |    232
 51 |   1       |    234      |    234
 52 |   1       |    236      |    236
 53 |   1       |    238      |    238
 54 |   1       |    240      |    240
 55 |   1       |    242      |    242
 56 |   1       |    244      |    244
 57 |   1       |    246      |    246
 58 |   1       |    248      |    248
 59 |   1       |    250      |    250
 60 |   1       |    252      |    252
 61 |   1       |    254      |    254
 62 |   1       |    256      |    256
 63 |   1       |    258      |    258
 64 |   1       |    260      |    260
 65 |   1       |    262      |    262
 66 |   1       |    264      |    264
 67 |   1       |    266      |    266
 68 |   1       |    268      |    268
 69 |   1       |    270      |    270
 70 |   1       |    272      |    272
 71 |   1       |    274      |    274
 72 |   1       |    276      |    276
 73 |   1       |    278      |    278
 74 |   1       |    280      |    280
 75 |   1       |    282      |    282
 76 |   1       |    284      |    284
 77 |   1       |    286      |    286
 78 |   1       |    288      |    288
 79 |   1       |    290      |    290
 80 |   1       |    292      |    292
 81 |   1       |    294      |    294
 82 |   1       |    296      |    296
 83 |   1       |    298      |    298
 84 |   1       |    300      |    300
 85 |   1       |    302      |    302
 86 |   1       |    304      |    304
 87 |   1       |    306      |    306
 88 |   1       |    308      |    308
 89 |   1       |    310      |    310
 90 |   1       |    312      |    312
 91 |   1       |    314      |    314
 92 |   1       |    316      |    316
 93 | 342  0.293 |    752 .256 |    318    320    322    324    326    328    330
    |           |             |    332    334    336    338    340    342    344
    |           |             |    346    348    350    352    354    356    358
    |           |             |    360    362    364    366    368    370    372
    |           |             |    374    376    378    380    382    384    386
    |           |             |    388    390    392    394    396    398    400
    |           |             |    402    404    406    408    410    412    414
    |           |             |    416    418    420    422    424    426    428
    |           |             |    430    432    434    436    438    440    442
    |           |             |    444    446    448    450    452    454    456
    |           |             |    458    460    462    464    466    468    470
    |           |             |    472    474    476    478    480    482    484
    |           |             |    486    488    490    492    494    496    498
    |           |             |    500    502    504    506    508    510    512
    |           |             |    514    516    518    520    522    524    526
    |           |             |    528    530    532    534    536    538    540
    |           |             |    542    544    546    548    550    552    554
    |           |             |    556    558    560    562    564    566    568
    |           |             |    570    572    574    576    578    580    582
    |           |             |    584    586    588    590    592    594    596
    |           |             |    598    600    602    604    606    608    610
    |           |             |    612    614    616    618    620    622    624
    |           |             |    626    628    630    632    634    636    638
    |           |             |    640    642    644    646    648    650    652
    |           |             |    654    656    658    660    662    664    666
    |           |             |    668    670    672    674    676    678    680
    |           |             |    682    684    686    688    690    692    694
    |           |             |    696    698    700    702    704    706    708
    |           |             |    710    712    714    716    718    720    722
    |           |             |    724    726    728    730    732    734    736
    |           |             |    738    740    742    744    746    748    750
    |           |             |    752    754    756    758    760    762    764
    |           |             |    766    768    770    772    774    776    778
    |           |             |    780    782    784    786    788    790    792
    |           |             |    794    796    798    800    802    804    806
    |           |             |    808    810    812    814    816    818    820
    |           |             |    822    824    826    828    830    832    834
    |           |             |    836    838    840    842    844    846    848
    |           |             |    850    852    854    856    858    860    862
    |           |             |    864    866    868    870    872    874    876
    |           |             |    878    880    882    884    886    888    890
    |           |             |    892    894    896    898    900    902    904
    |           |             |    906    908    910    912    914    916    918
    |           |             |    920    922    924    926    928    930    932
    |           |             |    934    936    938    940    942    944    946
    |           |             |    948    950    952    954    956    958    960
    |           |             |    962    964    966    968    970    972    974
    |           |             |    976    978    980    982    984    986    988
    |           |             |    990    992    994    996    998   1000
